<?xml version="1.0" encoding="UTF-8"?>
<!-- Generated by org.testng.reporters.JUnitXMLReporter -->
<testsuite ignored="0" hostname="srijan-kumar-khan-Lenovo-G780" failures="0" tests="5" name="Test" time="30.016" errors="0" timestamp="2024-11-25T14:24:33 IST">
  <testcase classname="com.fitpeo.assignment.testcases.HomePageTest" name="HomePageTitleTest" time="0.021"/>
  <testcase classname="com.fitpeo.assignment.testcases.HomePageTest" name="fitpeoLogoTest" time="0.085"/>
  <testcase classname="com.fitpeo.assignment.testcases.HomePageTest" name="moveToRevenueCalculatorTest" time="0.116"/>
  <testcase classname="com.fitpeo.assignment.testcases.RevenuePageTest" name="slideDownToScrollTest" time="5.127"/>
  <testcase classname="com.fitpeo.assignment.testcases.RevenuePageTest" name="setValueUsingSliderTest" time="5.832"/>
</testsuite> <!-- Test -->
