<?xml version="1.0" encoding="UTF-8"?>
<!-- Generated by org.testng.reporters.JUnitXMLReporter -->
<testsuite ignored="0" hostname="srijan-kumar-khan-Lenovo-G780" failures="0" tests="4" name="Test" time="21.378" errors="0" timestamp="2024-11-25T20:29:15 IST">
  <testcase classname="com.fitpeo.assignment.testcases.HomePageTest" name="navigate_to_fitpeo_homepage_test" time="0.044"/>
  <testcase classname="com.fitpeo.assignment.testcases.HomePageTest" name="navigate_to_revenue_calculator_page_test" time="0.108"/>
  <testcase classname="com.fitpeo.assignment.testcases.RevenuePageTest" name="validate_slider_range_value_By_updating_textbox_value" time="1.307"/>
  <testcase classname="com.fitpeo.assignment.testcases.RevenuePageTest" name="validate_total_reimbursement_by_selecting_cptcode" time="2.66"/>
</testsuite> <!-- Test -->
